<?xml version="1.0" encoding="UTF-8"?>
<!-- Generated by org.testng.reporters.JUnitXMLReporter -->
<testsuite hostname="apple" ignored="0" name="Default test" tests="3" failures="0" timestamp="2020-05-31T13:54:40 IST" time="158.726" errors="0">
  <testcase name="addNewAddress" time="5.883" classname="com.crm.qa.testcases.AddNewAddressTest"/>
  <testcase name="addNewAddress" time="6.629" classname="com.crm.qa.testcases.AddNewAddressTest"/>
  <testcase name="addNewAddress" time="7.139" classname="com.crm.qa.testcases.AddNewAddressTest"/>
</testsuite> <!-- Default test -->
