<?xml version="1.0" encoding="UTF-8" ?>
<testsuite tests="16" failures="4" name="TestSuite" time="267.936" errors="0" skipped="7">
  <properties>
[...]
</properties>
  <testcase classname="com.crm.qa.testcases.AddNewAddressTest" name="addNewAddress" time="6.969"/>
  <testcase classname="com.crm.qa.testcases.AddNewAddressTest" name="setUp" time="95.483">
    <failure message="timeout: Timed out receiving message from renderer: 50.000
  (Session info: chrome=83.0.4103.61)
Build info: version: &apos;3.14.0&apos;, revision: &apos;aacccce0&apos;, time: &apos;2018-08-02T20:19:58.91Z&apos;
System info: host: &apos;APPLE&apos;, ip: &apos;192.168.1.103&apos;, os.name: &apos;Windows 8.1&apos;, os.arch: &apos;amd64&apos;, os.version: &apos;6.3&apos;, java.version: &apos;1.8.0_201&apos;
Driver info: org.openqa.selenium.chrome.ChromeDriver
Capabilities {acceptInsecureCerts: false, browserName: chrome, browserVersion: 83.0.4103.61, chrome: {chromedriverVersion: 83.0.4103.39 (ccbf011cb2d2b..., userDataDir: C:\Users\baby\AppData\Local...}, goog:chromeOptions: {debuggerAddress: localhost:55118}, javascriptEnabled: true, networkConnectionEnabled: false, pageLoadStrategy: normal, platform: WINDOWS, platformName: WINDOWS, proxy: Proxy(), setWindowRect: true, strictFileInteractability: false, timeouts: {implicit: 0, pageLoad: 300000, script: 30000}, unhandledPromptBehavior: dismiss and notify, webauthn:virtualAuthenticators: true}
Session ID: dbb0e197891aafd23126a9bfe11e8e70" type="org.openqa.selenium.TimeoutException">org.openqa.selenium.TimeoutException: timeout: Timed out receiving message from renderer: 50.000
  (Session info: chrome=83.0.4103.61)
Build info: version: &apos;3.14.0&apos;, revision: &apos;aacccce0&apos;, time: &apos;2018-08-02T20:19:58.91Z&apos;
System info: host: &apos;APPLE&apos;, ip: &apos;192.168.1.103&apos;, os.name: &apos;Windows 8.1&apos;, os.arch: &apos;amd64&apos;, os.version: &apos;6.3&apos;, java.version: &apos;1.8.0_201&apos;
Driver info: org.openqa.selenium.chrome.ChromeDriver
Capabilities {acceptInsecureCerts: false, browserName: chrome, browserVersion: 83.0.4103.61, chrome: {chromedriverVersion: 83.0.4103.39 (ccbf011cb2d2b..., userDataDir: C:\Users\baby\AppData\Local...}, goog:chromeOptions: {debuggerAddress: localhost:55118}, javascriptEnabled: true, networkConnectionEnabled: false, pageLoadStrategy: normal, platform: WINDOWS, platformName: WINDOWS, proxy: Proxy(), setWindowRect: true, strictFileInteractability: false, timeouts: {implicit: 0, pageLoad: 300000, script: 30000}, unhandledPromptBehavior: dismiss and notify, webauthn:virtualAuthenticators: true}
Session ID: dbb0e197891aafd23126a9bfe11e8e70
	at sun.reflect.NativeConstructorAccessorImpl.newInstance0(Native Method)
	at sun.reflect.NativeConstructorAccessorImpl.newInstance(Unknown Source)
	at sun.reflect.DelegatingConstructorAccessorImpl.newInstance(Unknown Source)
	at java.lang.reflect.Constructor.newInstance(Unknown Source)
	at org.openqa.selenium.remote.http.W3CHttpResponseCodec.createException(W3CHttpResponseCodec.java:187)
	at org.openqa.selenium.remote.http.W3CHttpResponseCodec.decode(W3CHttpResponseCodec.java:122)
	at org.openqa.selenium.remote.http.W3CHttpResponseCodec.decode(W3CHttpResponseCodec.java:49)
	at org.openqa.selenium.remote.HttpCommandExecutor.execute(HttpCommandExecutor.java:158)
	at org.openqa.selenium.remote.service.DriverCommandExecutor.execute(DriverCommandExecutor.java:83)
	at org.openqa.selenium.remote.RemoteWebDriver.execute(RemoteWebDriver.java:548)
	at org.openqa.selenium.remote.RemoteWebElement.execute(RemoteWebElement.java:276)
	at org.openqa.selenium.remote.RemoteWebElement.click(RemoteWebElement.java:83)
	at sun.reflect.NativeMethodAccessorImpl.invoke0(Native Method)
	at sun.reflect.NativeMethodAccessorImpl.invoke(Unknown Source)
	at sun.reflect.DelegatingMethodAccessorImpl.invoke(Unknown Source)
	at java.lang.reflect.Method.invoke(Unknown Source)
	at org.openqa.selenium.support.events.EventFiringWebDriver$EventFiringWebElement.lambda$new$0(EventFiringWebDriver.java:403)
	at com.sun.proxy.$Proxy11.click(Unknown Source)
	at org.openqa.selenium.support.events.EventFiringWebDriver$EventFiringWebElement.click(EventFiringWebDriver.java:416)
	at sun.reflect.NativeMethodAccessorImpl.invoke0(Native Method)
	at sun.reflect.NativeMethodAccessorImpl.invoke(Unknown Source)
	at sun.reflect.DelegatingMethodAccessorImpl.invoke(Unknown Source)
	at java.lang.reflect.Method.invoke(Unknown Source)
	at org.openqa.selenium.support.pagefactory.internal.LocatingElementHandler.invoke(LocatingElementHandler.java:51)
	at com.sun.proxy.$Proxy10.click(Unknown Source)
	at com.crm.qa.pages.LoginPage.login(LoginPage.java:54)
	at com.crm.qa.testcases.AddNewAddressTest.setUp(AddNewAddressTest.java:41)
</failure>
    <system-out>Before navigating to: &apos;http://automationpractice.com/index.php?controller=authentication&amp;back=my-account&apos;
Navigated to:&apos;http://automationpractice.com/index.php?controller=authentication&amp;back=my-account&apos;
Trying to find Element By : By.name: email
Found Element By : By.name: email
Trying to find Element By : By.name: passwd
Found Element By : By.name: passwd
Trying to find Element By : By.xpath: //*[@id=&apos;SubmitLogin&apos;]
Found Element By : By.xpath: //*[@id=&apos;SubmitLogin&apos;]
Trying to click on: [[ChromeDriver: chrome on WINDOWS (dbb0e197891aafd23126a9bfe11e8e70)] -&gt; xpath: //*[@id=&apos;SubmitLogin&apos;]]
Exception occured: org.openqa.selenium.TimeoutException: timeout: Timed out receiving message from renderer: 50.000
  (Session info: chrome=83.0.4103.61)
Build info: version: &apos;3.14.0&apos;, revision: &apos;aacccce0&apos;, time: &apos;2018-08-02T20:19:58.91Z&apos;
System info: host: &apos;APPLE&apos;, ip: &apos;192.168.1.103&apos;, os.name: &apos;Windows 8.1&apos;, os.arch: &apos;amd64&apos;, os.version: &apos;6.3&apos;, java.version: &apos;1.8.0_201&apos;
Driver info: org.openqa.selenium.chrome.ChromeDriver
Capabilities {acceptInsecureCerts: false, browserName: chrome, browserVersion: 83.0.4103.61, chrome: {chromedriverVersion: 83.0.4103.39 (ccbf011cb2d2b..., userDataDir: C:\Users\baby\AppData\Local...}, goog:chromeOptions: {debuggerAddress: localhost:55118}, javascriptEnabled: true, networkConnectionEnabled: false, pageLoadStrategy: normal, platform: WINDOWS, platformName: WINDOWS, proxy: Proxy(), setWindowRect: true, strictFileInteractability: false, timeouts: {implicit: 0, pageLoad: 300000, script: 30000}, unhandledPromptBehavior: dismiss and notify, webauthn:virtualAuthenticators: true}
Session ID: dbb0e197891aafd23126a9bfe11e8e70
</system-out>
    <system-err>Starting ChromeDriver 83.0.4103.39 (ccbf011cb2d2b19b506d844400483861342c20cd-refs/branch-heads/4103@{#416}) on port 33955
Only local connections are allowed.
Please see https://chromedriver.chromium.org/security-considerations for suggestions on keeping ChromeDriver safe.
ChromeDriver was started successfully.
Jun 05, 2020 9:38:10 PM org.openqa.selenium.remote.ProtocolHandshake createSession
INFO: Detected dialect: W3C
[1591373371.018][SEVERE]: Timed out receiving message from renderer: 50.000
[1591373371.068][SEVERE]: Timed out receiving message from renderer: 50.000
Jun 05, 2020 9:39:31 PM org.openqa.selenium.remote.ErrorCodes toStatus
INFO: HTTP Status: &apos;500&apos; -&gt; incorrect JSON status mapping for &apos;timeout&apos; (408 expected)
</system-err>
  </testcase>
  <testcase classname="com.crm.qa.testcases.AddNewAddressTest" name="addNewAddress" time="0">
    <skipped/>
  </testcase>
  <testcase classname="com.crm.qa.testcases.AddNewAddressTest" name="tearDown" time="0.006">
    <skipped/>
  </testcase>
  <testcase classname="com.crm.qa.testcases.AddNewAddressTest" name="setUp" time="0.006">
    <skipped/>
  </testcase>
  <testcase classname="com.crm.qa.testcases.AddNewAddressTest" name="addNewAddress" time="0">
    <skipped/>
  </testcase>
  <testcase classname="com.crm.qa.testcases.AddNewAddressTest" name="tearDown" time="0">
    <skipped/>
  </testcase>
  <testcase classname="com.crm.qa.testcases.ContactUsPageTest" name="setUp" time="90.545">
    <failure message="timeout: Timed out receiving message from renderer: 50.000
  (Session info: chrome=83.0.4103.61)
Build info: version: &apos;3.14.0&apos;, revision: &apos;aacccce0&apos;, time: &apos;2018-08-02T20:19:58.91Z&apos;
System info: host: &apos;APPLE&apos;, ip: &apos;192.168.1.103&apos;, os.name: &apos;Windows 8.1&apos;, os.arch: &apos;amd64&apos;, os.version: &apos;6.3&apos;, java.version: &apos;1.8.0_201&apos;
Driver info: org.openqa.selenium.chrome.ChromeDriver
Capabilities {acceptInsecureCerts: false, browserName: chrome, browserVersion: 83.0.4103.61, chrome: {chromedriverVersion: 83.0.4103.39 (ccbf011cb2d2b..., userDataDir: C:\Users\baby\AppData\Local...}, goog:chromeOptions: {debuggerAddress: localhost:55182}, javascriptEnabled: true, networkConnectionEnabled: false, pageLoadStrategy: normal, platform: WINDOWS, platformName: WINDOWS, proxy: Proxy(), setWindowRect: true, strictFileInteractability: false, timeouts: {implicit: 0, pageLoad: 300000, script: 30000}, unhandledPromptBehavior: dismiss and notify, webauthn:virtualAuthenticators: true}
Session ID: a25ac8f5ee97062f56ee5c5924b66637" type="org.openqa.selenium.TimeoutException">org.openqa.selenium.TimeoutException: timeout: Timed out receiving message from renderer: 50.000
  (Session info: chrome=83.0.4103.61)
Build info: version: &apos;3.14.0&apos;, revision: &apos;aacccce0&apos;, time: &apos;2018-08-02T20:19:58.91Z&apos;
System info: host: &apos;APPLE&apos;, ip: &apos;192.168.1.103&apos;, os.name: &apos;Windows 8.1&apos;, os.arch: &apos;amd64&apos;, os.version: &apos;6.3&apos;, java.version: &apos;1.8.0_201&apos;
Driver info: org.openqa.selenium.chrome.ChromeDriver
Capabilities {acceptInsecureCerts: false, browserName: chrome, browserVersion: 83.0.4103.61, chrome: {chromedriverVersion: 83.0.4103.39 (ccbf011cb2d2b..., userDataDir: C:\Users\baby\AppData\Local...}, goog:chromeOptions: {debuggerAddress: localhost:55182}, javascriptEnabled: true, networkConnectionEnabled: false, pageLoadStrategy: normal, platform: WINDOWS, platformName: WINDOWS, proxy: Proxy(), setWindowRect: true, strictFileInteractability: false, timeouts: {implicit: 0, pageLoad: 300000, script: 30000}, unhandledPromptBehavior: dismiss and notify, webauthn:virtualAuthenticators: true}
Session ID: a25ac8f5ee97062f56ee5c5924b66637
	at sun.reflect.NativeConstructorAccessorImpl.newInstance0(Native Method)
	at sun.reflect.NativeConstructorAccessorImpl.newInstance(Unknown Source)
	at sun.reflect.DelegatingConstructorAccessorImpl.newInstance(Unknown Source)
	at java.lang.reflect.Constructor.newInstance(Unknown Source)
	at org.openqa.selenium.remote.http.W3CHttpResponseCodec.createException(W3CHttpResponseCodec.java:187)
	at org.openqa.selenium.remote.http.W3CHttpResponseCodec.decode(W3CHttpResponseCodec.java:122)
	at org.openqa.selenium.remote.http.W3CHttpResponseCodec.decode(W3CHttpResponseCodec.java:49)
	at org.openqa.selenium.remote.HttpCommandExecutor.execute(HttpCommandExecutor.java:158)
	at org.openqa.selenium.remote.service.DriverCommandExecutor.execute(DriverCommandExecutor.java:83)
	at org.openqa.selenium.remote.RemoteWebDriver.execute(RemoteWebDriver.java:548)
	at org.openqa.selenium.remote.RemoteWebElement.execute(RemoteWebElement.java:276)
	at org.openqa.selenium.remote.RemoteWebElement.click(RemoteWebElement.java:83)
	at sun.reflect.NativeMethodAccessorImpl.invoke0(Native Method)
	at sun.reflect.NativeMethodAccessorImpl.invoke(Unknown Source)
	at sun.reflect.DelegatingMethodAccessorImpl.invoke(Unknown Source)
	at java.lang.reflect.Method.invoke(Unknown Source)
	at org.openqa.selenium.support.events.EventFiringWebDriver$EventFiringWebElement.lambda$new$0(EventFiringWebDriver.java:403)
	at com.sun.proxy.$Proxy11.click(Unknown Source)
	at org.openqa.selenium.support.events.EventFiringWebDriver$EventFiringWebElement.click(EventFiringWebDriver.java:416)
	at sun.reflect.NativeMethodAccessorImpl.invoke0(Native Method)
	at sun.reflect.NativeMethodAccessorImpl.invoke(Unknown Source)
	at sun.reflect.DelegatingMethodAccessorImpl.invoke(Unknown Source)
	at java.lang.reflect.Method.invoke(Unknown Source)
	at org.openqa.selenium.support.pagefactory.internal.LocatingElementHandler.invoke(LocatingElementHandler.java:51)
	at com.sun.proxy.$Proxy10.click(Unknown Source)
	at com.crm.qa.pages.LoginPage.login(LoginPage.java:54)
	at com.crm.qa.testcases.ContactUsPageTest.setUp(ContactUsPageTest.java:32)
</failure>
    <system-out>Before navigating to: &apos;http://automationpractice.com/index.php?controller=authentication&amp;back=my-account&apos;
Navigated to:&apos;http://automationpractice.com/index.php?controller=authentication&amp;back=my-account&apos;
Trying to find Element By : By.name: email
Found Element By : By.name: email
Trying to find Element By : By.name: passwd
Found Element By : By.name: passwd
Trying to find Element By : By.xpath: //*[@id=&apos;SubmitLogin&apos;]
Found Element By : By.xpath: //*[@id=&apos;SubmitLogin&apos;]
Trying to click on: [[ChromeDriver: chrome on WINDOWS (a25ac8f5ee97062f56ee5c5924b66637)] -&gt; xpath: //*[@id=&apos;SubmitLogin&apos;]]
Exception occured: org.openqa.selenium.TimeoutException: timeout: Timed out receiving message from renderer: 50.000
  (Session info: chrome=83.0.4103.61)
Build info: version: &apos;3.14.0&apos;, revision: &apos;aacccce0&apos;, time: &apos;2018-08-02T20:19:58.91Z&apos;
System info: host: &apos;APPLE&apos;, ip: &apos;192.168.1.103&apos;, os.name: &apos;Windows 8.1&apos;, os.arch: &apos;amd64&apos;, os.version: &apos;6.3&apos;, java.version: &apos;1.8.0_201&apos;
Driver info: org.openqa.selenium.chrome.ChromeDriver
Capabilities {acceptInsecureCerts: false, browserName: chrome, browserVersion: 83.0.4103.61, chrome: {chromedriverVersion: 83.0.4103.39 (ccbf011cb2d2b..., userDataDir: C:\Users\baby\AppData\Local...}, goog:chromeOptions: {debuggerAddress: localhost:55182}, javascriptEnabled: true, networkConnectionEnabled: false, pageLoadStrategy: normal, platform: WINDOWS, platformName: WINDOWS, proxy: Proxy(), setWindowRect: true, strictFileInteractability: false, timeouts: {implicit: 0, pageLoad: 300000, script: 30000}, unhandledPromptBehavior: dismiss and notify, webauthn:virtualAuthenticators: true}
Session ID: a25ac8f5ee97062f56ee5c5924b66637
</system-out>
    <system-err>Starting ChromeDriver 83.0.4103.39 (ccbf011cb2d2b19b506d844400483861342c20cd-refs/branch-heads/4103@{#416}) on port 3301
Only local connections are allowed.
Please see https://chromedriver.chromium.org/security-considerations for suggestions on keeping ChromeDriver safe.
ChromeDriver was started successfully.
Jun 05, 2020 9:39:35 PM org.openqa.selenium.remote.ProtocolHandshake createSession
INFO: Detected dialect: W3C
[1591373461.945][SEVERE]: Timed out receiving message from renderer: 50.000
[Jun 05, 2020 9:41:01 PM org.openqa.selenium.remote.ErrorCodes toStatus
INFO: HTTP Status: &apos;500&apos; -&gt; incorrect JSON status mapping for &apos;timeout&apos; (408 expected)
1591373461.950][SEVERE]: Timed out receiving message from renderer: 50.000
</system-err>
  </testcase>
  <testcase classname="com.crm.qa.testcases.ContactUsPageTest" name="verifyContactUsPageLabel" time="0">
    <skipped/>
  </testcase>
  <testcase classname="com.crm.qa.testcases.ContactUsPageTest" name="tearDown" time="0">
    <skipped/>
  </testcase>
  <testcase classname="com.crm.qa.testcases.HomePageTest" name="verifyHomePageTitleTest" time="0.115"/>
  <testcase classname="com.crm.qa.testcases.HomePageTest" name="verifyUserNameTest" time="0.308"/>
  <testcase classname="com.crm.qa.testcases.HomePageTest" name="verifyContactUsLinkTest" time="22.575"/>
  <testcase classname="com.crm.qa.testcases.LoginPageTest" name="loginPageTitleTest" time="0.04">
    <failure message="expected [#1 Free CRM for Any Business: Online Customer Relationship Software] but found [Login - My Store]" type="java.lang.AssertionError">java.lang.AssertionError: expected [#1 Free CRM for Any Business: Online Customer Relationship Software] but found [Login - My Store]
	at org.testng.Assert.fail(Assert.java:97)
	at org.testng.Assert.assertEqualsImpl(Assert.java:136)
	at org.testng.Assert.assertEquals(Assert.java:118)
	at org.testng.Assert.assertEquals(Assert.java:575)
	at org.testng.Assert.assertEquals(Assert.java:585)
	at com.crm.qa.testcases.LoginPageTest.loginPageTitleTest(LoginPageTest.java:33)
</failure>
    <system-out>Before navigating to: &apos;http://automationpractice.com/index.php?controller=authentication&amp;back=my-account&apos;
Navigated to:&apos;http://automationpractice.com/index.php?controller=authentication&amp;back=my-account&apos;
</system-out>
    <system-err>Starting ChromeDriver 83.0.4103.39 (ccbf011cb2d2b19b506d844400483861342c20cd-refs/branch-heads/4103@{#416}) on port 13178
Only local connections are allowed.
Please see https://chromedriver.chromium.org/security-considerations for suggestions on keeping ChromeDriver safe.
ChromeDriver was started successfully.
Jun 05, 2020 9:44:35 PM org.openqa.selenium.remote.ProtocolHandshake createSession
INFO: Detected dialect: W3C
</system-err>
  </testcase>
  <testcase classname="com.crm.qa.testcases.LoginPageTest" name="crmLogoImageTest" time="0.225"/>
  <testcase classname="com.crm.qa.testcases.LoginPageTest" name="loginTest" time="51.664">
    <failure message="timeout: Timed out receiving message from renderer: 50.000
  (Session info: chrome=83.0.4103.61)
Build info: version: &apos;3.14.0&apos;, revision: &apos;aacccce0&apos;, time: &apos;2018-08-02T20:19:58.91Z&apos;
System info: host: &apos;APPLE&apos;, ip: &apos;192.168.1.103&apos;, os.name: &apos;Windows 8.1&apos;, os.arch: &apos;amd64&apos;, os.version: &apos;6.3&apos;, java.version: &apos;1.8.0_201&apos;
Driver info: org.openqa.selenium.chrome.ChromeDriver
Capabilities {acceptInsecureCerts: false, browserName: chrome, browserVersion: 83.0.4103.61, chrome: {chromedriverVersion: 83.0.4103.39 (ccbf011cb2d2b..., userDataDir: C:\Users\baby\AppData\Local...}, goog:chromeOptions: {debuggerAddress: localhost:55455}, javascriptEnabled: true, networkConnectionEnabled: false, pageLoadStrategy: normal, platform: WINDOWS, platformName: WINDOWS, proxy: Proxy(), setWindowRect: true, strictFileInteractability: false, timeouts: {implicit: 0, pageLoad: 300000, script: 30000}, unhandledPromptBehavior: dismiss and notify, webauthn:virtualAuthenticators: true}
Session ID: 9877d6dbcee50d320666a541acf6fb3c" type="org.openqa.selenium.TimeoutException">org.openqa.selenium.TimeoutException: timeout: Timed out receiving message from renderer: 50.000
  (Session info: chrome=83.0.4103.61)
Build info: version: &apos;3.14.0&apos;, revision: &apos;aacccce0&apos;, time: &apos;2018-08-02T20:19:58.91Z&apos;
System info: host: &apos;APPLE&apos;, ip: &apos;192.168.1.103&apos;, os.name: &apos;Windows 8.1&apos;, os.arch: &apos;amd64&apos;, os.version: &apos;6.3&apos;, java.version: &apos;1.8.0_201&apos;
Driver info: org.openqa.selenium.chrome.ChromeDriver
Capabilities {acceptInsecureCerts: false, browserName: chrome, browserVersion: 83.0.4103.61, chrome: {chromedriverVersion: 83.0.4103.39 (ccbf011cb2d2b..., userDataDir: C:\Users\baby\AppData\Local...}, goog:chromeOptions: {debuggerAddress: localhost:55455}, javascriptEnabled: true, networkConnectionEnabled: false, pageLoadStrategy: normal, platform: WINDOWS, platformName: WINDOWS, proxy: Proxy(), setWindowRect: true, strictFileInteractability: false, timeouts: {implicit: 0, pageLoad: 300000, script: 30000}, unhandledPromptBehavior: dismiss and notify, webauthn:virtualAuthenticators: true}
Session ID: 9877d6dbcee50d320666a541acf6fb3c
	at sun.reflect.NativeConstructorAccessorImpl.newInstance0(Native Method)
	at sun.reflect.NativeConstructorAccessorImpl.newInstance(Unknown Source)
	at sun.reflect.DelegatingConstructorAccessorImpl.newInstance(Unknown Source)
	at java.lang.reflect.Constructor.newInstance(Unknown Source)
	at org.openqa.selenium.remote.http.W3CHttpResponseCodec.createException(W3CHttpResponseCodec.java:187)
	at org.openqa.selenium.remote.http.W3CHttpResponseCodec.decode(W3CHttpResponseCodec.java:122)
	at org.openqa.selenium.remote.http.W3CHttpResponseCodec.decode(W3CHttpResponseCodec.java:49)
	at org.openqa.selenium.remote.HttpCommandExecutor.execute(HttpCommandExecutor.java:158)
	at org.openqa.selenium.remote.service.DriverCommandExecutor.execute(DriverCommandExecutor.java:83)
	at org.openqa.selenium.remote.RemoteWebDriver.execute(RemoteWebDriver.java:548)
	at org.openqa.selenium.remote.RemoteWebElement.execute(RemoteWebElement.java:276)
	at org.openqa.selenium.remote.RemoteWebElement.click(RemoteWebElement.java:83)
	at sun.reflect.GeneratedMethodAccessor8.invoke(Unknown Source)
	at sun.reflect.DelegatingMethodAccessorImpl.invoke(Unknown Source)
	at java.lang.reflect.Method.invoke(Unknown Source)
	at org.openqa.selenium.support.events.EventFiringWebDriver$EventFiringWebElement.lambda$new$0(EventFiringWebDriver.java:403)
	at com.sun.proxy.$Proxy11.click(Unknown Source)
	at org.openqa.selenium.support.events.EventFiringWebDriver$EventFiringWebElement.click(EventFiringWebDriver.java:416)
	at sun.reflect.GeneratedMethodAccessor8.invoke(Unknown Source)
	at sun.reflect.DelegatingMethodAccessorImpl.invoke(Unknown Source)
	at java.lang.reflect.Method.invoke(Unknown Source)
	at org.openqa.selenium.support.pagefactory.internal.LocatingElementHandler.invoke(LocatingElementHandler.java:51)
	at com.sun.proxy.$Proxy10.click(Unknown Source)
	at com.crm.qa.pages.LoginPage.login(LoginPage.java:54)
	at com.crm.qa.testcases.LoginPageTest.loginTest(LoginPageTest.java:44)
</failure>
    <system-out>Before navigating to: &apos;http://automationpractice.com/index.php?controller=authentication&amp;back=my-account&apos;
Navigated to:&apos;http://automationpractice.com/index.php?controller=authentication&amp;back=my-account&apos;
Trying to find Element By : By.name: email
Found Element By : By.name: email
Trying to find Element By : By.name: passwd
Found Element By : By.name: passwd
Trying to find Element By : By.xpath: //*[@id=&apos;SubmitLogin&apos;]
Found Element By : By.xpath: //*[@id=&apos;SubmitLogin&apos;]
Trying to click on: [[ChromeDriver: chrome on WINDOWS (9877d6dbcee50d320666a541acf6fb3c)] -&gt; xpath: //*[@id=&apos;SubmitLogin&apos;]]
Exception occured: org.openqa.selenium.TimeoutException: timeout: Timed out receiving message from renderer: 50.000
  (Session info: chrome=83.0.4103.61)
Build info: version: &apos;3.14.0&apos;, revision: &apos;aacccce0&apos;, time: &apos;2018-08-02T20:19:58.91Z&apos;
System info: host: &apos;APPLE&apos;, ip: &apos;192.168.1.103&apos;, os.name: &apos;Windows 8.1&apos;, os.arch: &apos;amd64&apos;, os.version: &apos;6.3&apos;, java.version: &apos;1.8.0_201&apos;
Driver info: org.openqa.selenium.chrome.ChromeDriver
Capabilities {acceptInsecureCerts: false, browserName: chrome, browserVersion: 83.0.4103.61, chrome: {chromedriverVersion: 83.0.4103.39 (ccbf011cb2d2b..., userDataDir: C:\Users\baby\AppData\Local...}, goog:chromeOptions: {debuggerAddress: localhost:55455}, javascriptEnabled: true, networkConnectionEnabled: false, pageLoadStrategy: normal, platform: WINDOWS, platformName: WINDOWS, proxy: Proxy(), setWindowRect: true, strictFileInteractability: false, timeouts: {implicit: 0, pageLoad: 300000, script: 30000}, unhandledPromptBehavior: dismiss and notify, webauthn:virtualAuthenticators: true}
Session ID: 9877d6dbcee50d320666a541acf6fb3c
</system-out>
    <system-err>Starting ChromeDriver 83.0.4103.39 (ccbf011cb2d2b19b506d844400483861342c20cd-refs/branch-heads/4103@{#416}) on port 8177
Only local connections are allowed.
Please see https://chromedriver.chromium.org/security-considerations for suggestions on keeping ChromeDriver safe.
ChromeDriver was started successfully.
Jun 05, 2020 9:45:26 PM org.openqa.selenium.remote.ProtocolHandshake createSession
INFO: Detected dialect: W3C
[1591373807.362][SEVERE]: Timed out receiving message from renderer: 50.000
[1591373807.406][SEVERE]: Timed out receiving message from renderer: 50.000
Jun 05, 2020 9:46:47 PM org.openqa.selenium.remote.ErrorCodes toStatus
INFO: HTTP Status: &apos;500&apos; -&gt; incorrect JSON status mapping for &apos;timeout&apos; (408 expected)
</system-err>
  </testcase>
</testsuite>