<?xml version="1.0" encoding="UTF-8"?>
<testng-results skipped="0" failed="0" ignored="0" total="3" passed="3">
  <reporter-output>
  </reporter-output>
  <suite name="Default suite" duration-ms="158726" started-at="2020-05-31T13:52:01 IST" finished-at="2020-05-31T13:54:40 IST">
    <groups>
    </groups>
    <test name="Default test" duration-ms="158726" started-at="2020-05-31T13:52:01 IST" finished-at="2020-05-31T13:54:40 IST">
      <class name="com.crm.qa.testcases.AddNewAddressTest">
        <test-method status="PASS" signature="setUp()[pri:0, instance:com.crm.qa.testcases.AddNewAddressTest@2d8f65a4]" name="setUp" is-config="true" duration-ms="59323" started-at="2020-05-31T13:52:04 IST" finished-at="2020-05-31T13:53:03 IST">
          <reporter-output>
          </reporter-output>
        </test-method> <!-- setUp -->
        <test-method status="PASS" signature="addNewAddress(java.lang.String, java.lang.String, java.lang.String, java.lang.String, java.lang.String, java.lang.String, java.lang.String, java.lang.String, java.lang.String, java.lang.String)[pri:1, instance:com.crm.qa.testcases.AddNewAddressTest@2d8f65a4]" name="addNewAddress" duration-ms="5883" started-at="2020-05-31T13:53:03 IST" data-provider="getTestData" finished-at="2020-05-31T13:53:09 IST">
          <params>
            <param index="0">
              <value>
                <![CDATA[Tom]]>
              </value>
            </param>
            <param index="1">
              <value>
                <![CDATA[Peter]]>
              </value>
            </param>
            <param index="2">
              <value>
                <![CDATA[Anthank Road]]>
              </value>
            </param>
            <param index="3">
              <value>
                <![CDATA[Cambridge]]>
              </value>
            </param>
            <param index="4">
              <value>
                <![CDATA[Florida]]>
              </value>
            </param>
            <param index="5">
              <value>
                <![CDATA[67523.0]]>
              </value>
            </param>
            <param index="6">
              <value>
                <![CDATA[United States]]>
              </value>
            </param>
            <param index="7">
              <value>
                <![CDATA[9.0876743E7]]>
              </value>
            </param>
            <param index="8">
              <value>
                <![CDATA[9.860329567E9]]>
              </value>
            </param>
            <param index="9">
              <value>
                <![CDATA[Addr1]]>
              </value>
            </param>
          </params>
          <reporter-output>
          </reporter-output>
        </test-method> <!-- addNewAddress -->
        <test-method status="PASS" signature="tearDown()[pri:0, instance:com.crm.qa.testcases.AddNewAddressTest@2d8f65a4]" name="tearDown" is-config="true" duration-ms="941" started-at="2020-05-31T13:53:09 IST" finished-at="2020-05-31T13:53:10 IST">
          <reporter-output>
          </reporter-output>
        </test-method> <!-- tearDown -->
        <test-method status="PASS" signature="setUp()[pri:0, instance:com.crm.qa.testcases.AddNewAddressTest@2d8f65a4]" name="setUp" is-config="true" duration-ms="36668" started-at="2020-05-31T13:53:10 IST" finished-at="2020-05-31T13:53:47 IST">
          <reporter-output>
          </reporter-output>
        </test-method> <!-- setUp -->
        <test-method status="PASS" signature="addNewAddress(java.lang.String, java.lang.String, java.lang.String, java.lang.String, java.lang.String, java.lang.String, java.lang.String, java.lang.String, java.lang.String, java.lang.String)[pri:1, instance:com.crm.qa.testcases.AddNewAddressTest@2d8f65a4]" name="addNewAddress" duration-ms="6629" started-at="2020-05-31T13:53:47 IST" data-provider="getTestData" finished-at="2020-05-31T13:53:54 IST">
          <params>
            <param index="0">
              <value>
                <![CDATA[Andy]]>
              </value>
            </param>
            <param index="1">
              <value>
                <![CDATA[Jonshon]]>
              </value>
            </param>
            <param index="2">
              <value>
                <![CDATA[Medstone 23]]>
              </value>
            </param>
            <param index="3">
              <value>
                <![CDATA[Norwitch]]>
              </value>
            </param>
            <param index="4">
              <value>
                <![CDATA[Texas]]>
              </value>
            </param>
            <param index="5">
              <value>
                <![CDATA[90764.0]]>
              </value>
            </param>
            <param index="6">
              <value>
                <![CDATA[United States]]>
              </value>
            </param>
            <param index="7">
              <value>
                <![CDATA[4.5321907E7]]>
              </value>
            </param>
            <param index="8">
              <value>
                <![CDATA[9.456219073E9]]>
              </value>
            </param>
            <param index="9">
              <value>
                <![CDATA[Addr2]]>
              </value>
            </param>
          </params>
          <reporter-output>
          </reporter-output>
        </test-method> <!-- addNewAddress -->
        <test-method status="PASS" signature="tearDown()[pri:0, instance:com.crm.qa.testcases.AddNewAddressTest@2d8f65a4]" name="tearDown" is-config="true" duration-ms="1881" started-at="2020-05-31T13:53:54 IST" finished-at="2020-05-31T13:53:55 IST">
          <reporter-output>
          </reporter-output>
        </test-method> <!-- tearDown -->
        <test-method status="PASS" signature="setUp()[pri:0, instance:com.crm.qa.testcases.AddNewAddressTest@2d8f65a4]" name="setUp" is-config="true" duration-ms="36250" started-at="2020-05-31T13:53:55 IST" finished-at="2020-05-31T13:54:32 IST">
          <reporter-output>
          </reporter-output>
        </test-method> <!-- setUp -->
        <test-method status="PASS" signature="addNewAddress(java.lang.String, java.lang.String, java.lang.String, java.lang.String, java.lang.String, java.lang.String, java.lang.String, java.lang.String, java.lang.String, java.lang.String)[pri:1, instance:com.crm.qa.testcases.AddNewAddressTest@2d8f65a4]" name="addNewAddress" duration-ms="7139" started-at="2020-05-31T13:54:32 IST" data-provider="getTestData" finished-at="2020-05-31T13:54:39 IST">
          <params>
            <param index="0">
              <value>
                <![CDATA[Natasa]]>
              </value>
            </param>
            <param index="1">
              <value>
                <![CDATA[Andreson]]>
              </value>
            </param>
            <param index="2">
              <value>
                <![CDATA[Medtown 45]]>
              </value>
            </param>
            <param index="3">
              <value>
                <![CDATA[Norwitch]]>
              </value>
            </param>
            <param index="4">
              <value>
                <![CDATA[New York]]>
              </value>
            </param>
            <param index="5">
              <value>
                <![CDATA[34906.0]]>
              </value>
            </param>
            <param index="6">
              <value>
                <![CDATA[United States]]>
              </value>
            </param>
            <param index="7">
              <value>
                <![CDATA[6.7094532E7]]>
              </value>
            </param>
            <param index="8">
              <value>
                <![CDATA[8.741504328E9]]>
              </value>
            </param>
            <param index="9">
              <value>
                <![CDATA[Addr3]]>
              </value>
            </param>
          </params>
          <reporter-output>
          </reporter-output>
        </test-method> <!-- addNewAddress -->
        <test-method status="PASS" signature="tearDown()[pri:0, instance:com.crm.qa.testcases.AddNewAddressTest@2d8f65a4]" name="tearDown" is-config="true" duration-ms="927" started-at="2020-05-31T13:54:39 IST" finished-at="2020-05-31T13:54:40 IST">
          <reporter-output>
          </reporter-output>
        </test-method> <!-- tearDown -->
      </class> <!-- com.crm.qa.testcases.AddNewAddressTest -->
    </test> <!-- Default test -->
  </suite> <!-- Default suite -->
</testng-results>
